<?xml version="1.0" encoding="UTF-8"?>
<!-- Generated by org.testng.reporters.JUnitXMLReporter -->
<testsuite ignored="0" hostname="MacBook-Pro-2.local" failures="4" tests="43" name="AllFeatureTests" time="268.37" errors="0" timestamp="2025-04-15T04:01:33 EDT">
  <testcase classname="SearchBar" name="searchBarClearing" time="1.447">
    <failure type="org.openqa.selenium.ElementClickInterceptedException" message="element click intercepted: Element &amp;lt;input aria-label=&amp;quot;Enter Search Term&amp;quot; autocomplete=&amp;quot;off&amp;quot; placeholder=&amp;quot;Search&amp;quot; type=&amp;quot;text&amp;quot; name=&amp;quot;search_bar&amp;quot; id=&amp;quot;search-bar&amp;quot; value=&amp;quot;&amp;quot; size=&amp;quot;60&amp;quot; maxlength=&amp;quot;128&amp;quot; class=&amp;quot;form-text menu-search-bar&amp;quot;&amp;gt; is not clickable at point (1192, 29). Other element would receive the click: &amp;lt;div class=&amp;quot;col&amp;quot;&amp;gt;...&amp;lt;/div&amp;gt;
  (Session info: chrome=135.0.7049.85)
Build info: version: &amp;apos;4.29.0&amp;apos;, revision: &amp;apos;18ae989&amp;apos;
System info: os.name: &amp;apos;Mac OS X&amp;apos;, os.arch: &amp;apos;aarch64&amp;apos;, os.version: &amp;apos;15.3.2&amp;apos;, java.version: &amp;apos;23.0.2&amp;apos;
Driver info: org.openqa.selenium.chrome.ChromeDriver
Command: [97eaf6ae92521dffd3b858bbf9666b4b, clickElement {id=f.4FA1DED887D2744669ACFA3AA6B9D071.d.491AEB987B049B986424279F1F5A26E9.e.132}]
Capabilities {acceptInsecureCerts: false, browserName: chrome, browserVersion: 135.0.7049.85, chrome: {chromedriverVersion: 135.0.7049.84 (6c019e560019..., userDataDir: /var/folders/_k/jy17ssg501s...}, fedcm:accounts: true, goog:chromeOptions: {debuggerAddress: localhost:63324}, networkConnectionEnabled: false, pageLoadStrategy: normal, platformName: mac, proxy: Proxy(), se:cdp: ws://localhost:63324/devtoo..., se:cdpVersion: 135.0.7049.85, setWindowRect: true, strictFileInteractability: false, timeouts: {implicit: 0, pageLoad: 300000, script: 30000}, unhandledPromptBehavior: dismiss and notify, webauthn:extension:credBlob: true, webauthn:extension:largeBlob: true, webauthn:extension:minPinLength: true, webauthn:extension:prf: true, webauthn:virtualAuthenticators: true}
Element: [[ChromeDriver: chrome on mac (97eaf6ae92521dffd3b858bbf9666b4b)] -&amp;gt; id: search-bar]
Session ID: 97eaf6ae92521dffd3b858bbf9666b4b">
      <![CDATA[org.openqa.selenium.ElementClickInterceptedException: element click intercepted: Element <input aria-label="Enter Search Term" autocomplete="off" placeholder="Search" type="text" name="search_bar" id="search-bar" value="" size="60" maxlength="128" class="form-text menu-search-bar"> is not clickable at point (1192, 29). Other element would receive the click: <div class="col">...</div>
  (Session info: chrome=135.0.7049.85)
Build info: version: '4.29.0', revision: '18ae989'
System info: os.name: 'Mac OS X', os.arch: 'aarch64', os.version: '15.3.2', java.version: '23.0.2'
Driver info: org.openqa.selenium.chrome.ChromeDriver
Command: [97eaf6ae92521dffd3b858bbf9666b4b, clickElement {id=f.4FA1DED887D2744669ACFA3AA6B9D071.d.491AEB987B049B986424279F1F5A26E9.e.132}]
Capabilities {acceptInsecureCerts: false, browserName: chrome, browserVersion: 135.0.7049.85, chrome: {chromedriverVersion: 135.0.7049.84 (6c019e560019..., userDataDir: /var/folders/_k/jy17ssg501s...}, fedcm:accounts: true, goog:chromeOptions: {debuggerAddress: localhost:63324}, networkConnectionEnabled: false, pageLoadStrategy: normal, platformName: mac, proxy: Proxy(), se:cdp: ws://localhost:63324/devtoo..., se:cdpVersion: 135.0.7049.85, setWindowRect: true, strictFileInteractability: false, timeouts: {implicit: 0, pageLoad: 300000, script: 30000}, unhandledPromptBehavior: dismiss and notify, webauthn:extension:credBlob: true, webauthn:extension:largeBlob: true, webauthn:extension:minPinLength: true, webauthn:extension:prf: true, webauthn:virtualAuthenticators: true}
Element: [[ChromeDriver: chrome on mac (97eaf6ae92521dffd3b858bbf9666b4b)] -> id: search-bar]
Session ID: 97eaf6ae92521dffd3b858bbf9666b4b
at java.base/jdk.internal.reflect.DirectConstructorHandleAccessor.newInstance(DirectConstructorHandleAccessor.java:62)
at java.base/java.lang.reflect.Constructor.newInstanceWithCaller(Constructor.java:501)
at java.base/java.lang.reflect.Constructor.newInstance(Constructor.java:485)
at org.openqa.selenium.remote.ErrorCodec.decode(ErrorCodec.java:167)
at org.openqa.selenium.remote.codec.w3c.W3CHttpResponseCodec.decode(W3CHttpResponseCodec.java:138)
at org.openqa.selenium.remote.codec.w3c.W3CHttpResponseCodec.decode(W3CHttpResponseCodec.java:50)
at org.openqa.selenium.remote.HttpCommandExecutor.execute(HttpCommandExecutor.java:215)
at org.openqa.selenium.remote.service.DriverCommandExecutor.invokeExecute(DriverCommandExecutor.java:216)
at org.openqa.selenium.remote.service.DriverCommandExecutor.execute(DriverCommandExecutor.java:174)
at org.openqa.selenium.remote.RemoteWebDriver.execute(RemoteWebDriver.java:545)
at org.openqa.selenium.remote.RemoteWebElement.execute(RemoteWebElement.java:223)
at org.openqa.selenium.remote.RemoteWebElement.click(RemoteWebElement.java:76)
at SearchBar.searchBarClearing(SearchBar.java:56)
at java.base/jdk.internal.reflect.DirectMethodHandleAccessor.invoke(DirectMethodHandleAccessor.java:103)
at java.base/java.lang.reflect.Method.invoke(Method.java:580)
at org.testng.internal.invokers.MethodInvocationHelper.invokeMethod(MethodInvocationHelper.java:141)
at org.testng.internal.invokers.TestInvoker.invokeMethod(TestInvoker.java:687)
at org.testng.internal.invokers.TestInvoker.invokeTestMethod(TestInvoker.java:230)
at org.testng.internal.invokers.MethodRunner.runInSequence(MethodRunner.java:63)
at org.testng.internal.invokers.TestInvoker$MethodInvocationAgent.invoke(TestInvoker.java:995)
at org.testng.internal.invokers.TestInvoker.invokeTestMethods(TestInvoker.java:203)
at org.testng.internal.invokers.TestMethodWorker.invokeTestMethods(TestMethodWorker.java:154)
at org.testng.internal.invokers.TestMethodWorker.run(TestMethodWorker.java:134)
at java.base/java.util.ArrayList.forEach(ArrayList.java:1597)
at org.testng.TestRunner.privateRun(TestRunner.java:741)
at org.testng.TestRunner.run(TestRunner.java:616)
at org.testng.SuiteRunner.runTest(SuiteRunner.java:421)
at org.testng.SuiteRunner.runSequentially(SuiteRunner.java:413)
at org.testng.SuiteRunner.privateRun(SuiteRunner.java:373)
at org.testng.SuiteRunner.run(SuiteRunner.java:312)
at org.testng.SuiteRunnerWorker.runSuite(SuiteRunnerWorker.java:52)
at org.testng.SuiteRunnerWorker.run(SuiteRunnerWorker.java:95)
at org.testng.TestNG.runSuitesSequentially(TestNG.java:1274)
at org.testng.TestNG.runSuitesLocally(TestNG.java:1208)
at org.testng.TestNG.runSuites(TestNG.java:1112)
at org.testng.TestNG.run(TestNG.java:1079)
at testRunner.main(testRunner.java:20)
]]>
    </failure>
  </testcase> <!-- searchBarClearing -->
  <testcase classname="SearchBar" name="searchBarFunctionality" time="0.332"/>
  <testcase classname="SearchBar" name="searchBarInvalidSearch" time="2.918"/>
  <testcase classname="SearchBar" name="searchBarValidSearch" time="9.551"/>
  <testcase classname="SearchBar" name="searchBarWhenEmpty" time="1.133">
    <failure type="org.openqa.selenium.ElementClickInterceptedException" message="element click intercepted: Element &amp;lt;input aria-label=&amp;quot;Enter Search Term&amp;quot; autocomplete=&amp;quot;off&amp;quot; placeholder=&amp;quot;Search&amp;quot; type=&amp;quot;text&amp;quot; name=&amp;quot;search_bar&amp;quot; id=&amp;quot;search-bar&amp;quot; value=&amp;quot;&amp;quot; size=&amp;quot;60&amp;quot; maxlength=&amp;quot;128&amp;quot; class=&amp;quot;form-text menu-search-bar&amp;quot;&amp;gt; is not clickable at point (1192, 29). Other element would receive the click: &amp;lt;div class=&amp;quot;col&amp;quot;&amp;gt;...&amp;lt;/div&amp;gt;
  (Session info: chrome=135.0.7049.85)
Build info: version: &amp;apos;4.29.0&amp;apos;, revision: &amp;apos;18ae989&amp;apos;
System info: os.name: &amp;apos;Mac OS X&amp;apos;, os.arch: &amp;apos;aarch64&amp;apos;, os.version: &amp;apos;15.3.2&amp;apos;, java.version: &amp;apos;23.0.2&amp;apos;
Driver info: org.openqa.selenium.chrome.ChromeDriver
Command: [97eaf6ae92521dffd3b858bbf9666b4b, clickElement {id=f.4FA1DED887D2744669ACFA3AA6B9D071.d.BBE92667EA9C3407EFA63E7007ED29B2.e.595}]
Capabilities {acceptInsecureCerts: false, browserName: chrome, browserVersion: 135.0.7049.85, chrome: {chromedriverVersion: 135.0.7049.84 (6c019e560019..., userDataDir: /var/folders/_k/jy17ssg501s...}, fedcm:accounts: true, goog:chromeOptions: {debuggerAddress: localhost:63324}, networkConnectionEnabled: false, pageLoadStrategy: normal, platformName: mac, proxy: Proxy(), se:cdp: ws://localhost:63324/devtoo..., se:cdpVersion: 135.0.7049.85, setWindowRect: true, strictFileInteractability: false, timeouts: {implicit: 0, pageLoad: 300000, script: 30000}, unhandledPromptBehavior: dismiss and notify, webauthn:extension:credBlob: true, webauthn:extension:largeBlob: true, webauthn:extension:minPinLength: true, webauthn:extension:prf: true, webauthn:virtualAuthenticators: true}
Element: [[ChromeDriver: chrome on mac (97eaf6ae92521dffd3b858bbf9666b4b)] -&amp;gt; id: search-bar]
Session ID: 97eaf6ae92521dffd3b858bbf9666b4b">
      <![CDATA[org.openqa.selenium.ElementClickInterceptedException: element click intercepted: Element <input aria-label="Enter Search Term" autocomplete="off" placeholder="Search" type="text" name="search_bar" id="search-bar" value="" size="60" maxlength="128" class="form-text menu-search-bar"> is not clickable at point (1192, 29). Other element would receive the click: <div class="col">...</div>
  (Session info: chrome=135.0.7049.85)
Build info: version: '4.29.0', revision: '18ae989'
System info: os.name: 'Mac OS X', os.arch: 'aarch64', os.version: '15.3.2', java.version: '23.0.2'
Driver info: org.openqa.selenium.chrome.ChromeDriver
Command: [97eaf6ae92521dffd3b858bbf9666b4b, clickElement {id=f.4FA1DED887D2744669ACFA3AA6B9D071.d.BBE92667EA9C3407EFA63E7007ED29B2.e.595}]
Capabilities {acceptInsecureCerts: false, browserName: chrome, browserVersion: 135.0.7049.85, chrome: {chromedriverVersion: 135.0.7049.84 (6c019e560019..., userDataDir: /var/folders/_k/jy17ssg501s...}, fedcm:accounts: true, goog:chromeOptions: {debuggerAddress: localhost:63324}, networkConnectionEnabled: false, pageLoadStrategy: normal, platformName: mac, proxy: Proxy(), se:cdp: ws://localhost:63324/devtoo..., se:cdpVersion: 135.0.7049.85, setWindowRect: true, strictFileInteractability: false, timeouts: {implicit: 0, pageLoad: 300000, script: 30000}, unhandledPromptBehavior: dismiss and notify, webauthn:extension:credBlob: true, webauthn:extension:largeBlob: true, webauthn:extension:minPinLength: true, webauthn:extension:prf: true, webauthn:virtualAuthenticators: true}
Element: [[ChromeDriver: chrome on mac (97eaf6ae92521dffd3b858bbf9666b4b)] -> id: search-bar]
Session ID: 97eaf6ae92521dffd3b858bbf9666b4b
at java.base/jdk.internal.reflect.DirectConstructorHandleAccessor.newInstance(DirectConstructorHandleAccessor.java:62)
at java.base/java.lang.reflect.Constructor.newInstanceWithCaller(Constructor.java:501)
at java.base/java.lang.reflect.Constructor.newInstance(Constructor.java:485)
at org.openqa.selenium.remote.ErrorCodec.decode(ErrorCodec.java:167)
at org.openqa.selenium.remote.codec.w3c.W3CHttpResponseCodec.decode(W3CHttpResponseCodec.java:138)
at org.openqa.selenium.remote.codec.w3c.W3CHttpResponseCodec.decode(W3CHttpResponseCodec.java:50)
at org.openqa.selenium.remote.HttpCommandExecutor.execute(HttpCommandExecutor.java:215)
at org.openqa.selenium.remote.service.DriverCommandExecutor.invokeExecute(DriverCommandExecutor.java:216)
at org.openqa.selenium.remote.service.DriverCommandExecutor.execute(DriverCommandExecutor.java:174)
at org.openqa.selenium.remote.RemoteWebDriver.execute(RemoteWebDriver.java:545)
at org.openqa.selenium.remote.RemoteWebElement.execute(RemoteWebElement.java:223)
at org.openqa.selenium.remote.RemoteWebElement.click(RemoteWebElement.java:76)
at SearchBar.searchBarWhenEmpty(SearchBar.java:41)
at java.base/jdk.internal.reflect.DirectMethodHandleAccessor.invoke(DirectMethodHandleAccessor.java:103)
at java.base/java.lang.reflect.Method.invoke(Method.java:580)
at org.testng.internal.invokers.MethodInvocationHelper.invokeMethod(MethodInvocationHelper.java:141)
at org.testng.internal.invokers.TestInvoker.invokeMethod(TestInvoker.java:687)
at org.testng.internal.invokers.TestInvoker.invokeTestMethod(TestInvoker.java:230)
at org.testng.internal.invokers.MethodRunner.runInSequence(MethodRunner.java:63)
at org.testng.internal.invokers.TestInvoker$MethodInvocationAgent.invoke(TestInvoker.java:995)
at org.testng.internal.invokers.TestInvoker.invokeTestMethods(TestInvoker.java:203)
at org.testng.internal.invokers.TestMethodWorker.invokeTestMethods(TestMethodWorker.java:154)
at org.testng.internal.invokers.TestMethodWorker.run(TestMethodWorker.java:134)
at java.base/java.util.ArrayList.forEach(ArrayList.java:1597)
at org.testng.TestRunner.privateRun(TestRunner.java:741)
at org.testng.TestRunner.run(TestRunner.java:616)
at org.testng.SuiteRunner.runTest(SuiteRunner.java:421)
at org.testng.SuiteRunner.runSequentially(SuiteRunner.java:413)
at org.testng.SuiteRunner.privateRun(SuiteRunner.java:373)
at org.testng.SuiteRunner.run(SuiteRunner.java:312)
at org.testng.SuiteRunnerWorker.runSuite(SuiteRunnerWorker.java:52)
at org.testng.SuiteRunnerWorker.run(SuiteRunnerWorker.java:95)
at org.testng.TestNG.runSuitesSequentially(TestNG.java:1274)
at org.testng.TestNG.runSuitesLocally(TestNG.java:1208)
at org.testng.TestNG.runSuites(TestNG.java:1112)
at org.testng.TestNG.run(TestNG.java:1079)
at testRunner.main(testRunner.java:20)
]]>
    </failure>
  </testcase> <!-- searchBarWhenEmpty -->
  <testcase classname="Language" name="chinese" time="2.643"/>
  <testcase classname="Language" name="deutsch" time="2.629"/>
  <testcase classname="Language" name="english" time="2.601"/>
  <testcase classname="Language" name="french" time="2.314"/>
  <testcase classname="Language" name="hindi" time="2.367"/>
  <testcase classname="Language" name="italian" time="2.343"/>
  <testcase classname="Language" name="japanese" time="2.72"/>
  <testcase classname="Language" name="spanish" time="2.462"/>
  <testcase classname="Categories" name="categoriesCutTheRope" time="9.24"/>
  <testcase classname="Categories" name="categoriesDailyGames" time="10.984"/>
  <testcase classname="Categories" name="categoriesNewGames" time="7.902"/>
  <testcase classname="Categories" name="categoriesPage" time="4.732"/>
  <testcase classname="Categories" name="categoriesPopular" time="4.985">
    <failure type="org.openqa.selenium.ElementClickInterceptedException" message="element click intercepted: Element &amp;lt;a class=&amp;quot;inner&amp;quot; href=&amp;quot;1-popular-games&amp;quot;&amp;gt;...&amp;lt;/a&amp;gt; is not clickable at point (670, 374). Other element would receive the click: &amp;lt;ul class=&amp;quot;menu mb-0&amp;quot;&amp;gt;...&amp;lt;/ul&amp;gt;
  (Session info: chrome=135.0.7049.85)
Build info: version: &amp;apos;4.29.0&amp;apos;, revision: &amp;apos;18ae989&amp;apos;
System info: os.name: &amp;apos;Mac OS X&amp;apos;, os.arch: &amp;apos;aarch64&amp;apos;, os.version: &amp;apos;15.3.2&amp;apos;, java.version: &amp;apos;23.0.2&amp;apos;
Driver info: org.openqa.selenium.chrome.ChromeDriver
Command: [2b4281bbb275dfa929ef873e65fe3eaf, clickElement {id=f.6175EB1C01884424A48D0F22FF126086.d.339A8807F409D7874A38092DE6B88CFB.e.1200}]
Capabilities {acceptInsecureCerts: false, browserName: chrome, browserVersion: 135.0.7049.85, chrome: {chromedriverVersion: 135.0.7049.84 (6c019e560019..., userDataDir: /var/folders/_k/jy17ssg501s...}, fedcm:accounts: true, goog:chromeOptions: {debuggerAddress: localhost:64689}, networkConnectionEnabled: false, pageLoadStrategy: normal, platformName: mac, proxy: Proxy(), se:cdp: ws://localhost:64689/devtoo..., se:cdpVersion: 135.0.7049.85, setWindowRect: true, strictFileInteractability: false, timeouts: {implicit: 0, pageLoad: 300000, script: 30000}, unhandledPromptBehavior: dismiss and notify, webauthn:extension:credBlob: true, webauthn:extension:largeBlob: true, webauthn:extension:minPinLength: true, webauthn:extension:prf: true, webauthn:virtualAuthenticators: true}
Element: [[ChromeDriver: chrome on mac (2b4281bbb275dfa929ef873e65fe3eaf)] -&amp;gt; css selector: a.inner[href=&amp;apos;1-popular-games&amp;apos;]]
Session ID: 2b4281bbb275dfa929ef873e65fe3eaf">
      <![CDATA[org.openqa.selenium.ElementClickInterceptedException: element click intercepted: Element <a class="inner" href="1-popular-games">...</a> is not clickable at point (670, 374). Other element would receive the click: <ul class="menu mb-0">...</ul>
  (Session info: chrome=135.0.7049.85)
Build info: version: '4.29.0', revision: '18ae989'
System info: os.name: 'Mac OS X', os.arch: 'aarch64', os.version: '15.3.2', java.version: '23.0.2'
Driver info: org.openqa.selenium.chrome.ChromeDriver
Command: [2b4281bbb275dfa929ef873e65fe3eaf, clickElement {id=f.6175EB1C01884424A48D0F22FF126086.d.339A8807F409D7874A38092DE6B88CFB.e.1200}]
Capabilities {acceptInsecureCerts: false, browserName: chrome, browserVersion: 135.0.7049.85, chrome: {chromedriverVersion: 135.0.7049.84 (6c019e560019..., userDataDir: /var/folders/_k/jy17ssg501s...}, fedcm:accounts: true, goog:chromeOptions: {debuggerAddress: localhost:64689}, networkConnectionEnabled: false, pageLoadStrategy: normal, platformName: mac, proxy: Proxy(), se:cdp: ws://localhost:64689/devtoo..., se:cdpVersion: 135.0.7049.85, setWindowRect: true, strictFileInteractability: false, timeouts: {implicit: 0, pageLoad: 300000, script: 30000}, unhandledPromptBehavior: dismiss and notify, webauthn:extension:credBlob: true, webauthn:extension:largeBlob: true, webauthn:extension:minPinLength: true, webauthn:extension:prf: true, webauthn:virtualAuthenticators: true}
Element: [[ChromeDriver: chrome on mac (2b4281bbb275dfa929ef873e65fe3eaf)] -> css selector: a.inner[href='1-popular-games']]
Session ID: 2b4281bbb275dfa929ef873e65fe3eaf
at java.base/jdk.internal.reflect.DirectConstructorHandleAccessor.newInstance(DirectConstructorHandleAccessor.java:62)
at java.base/java.lang.reflect.Constructor.newInstanceWithCaller(Constructor.java:501)
at java.base/java.lang.reflect.Constructor.newInstance(Constructor.java:485)
at org.openqa.selenium.remote.ErrorCodec.decode(ErrorCodec.java:167)
at org.openqa.selenium.remote.codec.w3c.W3CHttpResponseCodec.decode(W3CHttpResponseCodec.java:138)
at org.openqa.selenium.remote.codec.w3c.W3CHttpResponseCodec.decode(W3CHttpResponseCodec.java:50)
at org.openqa.selenium.remote.HttpCommandExecutor.execute(HttpCommandExecutor.java:215)
at org.openqa.selenium.remote.service.DriverCommandExecutor.invokeExecute(DriverCommandExecutor.java:216)
at org.openqa.selenium.remote.service.DriverCommandExecutor.execute(DriverCommandExecutor.java:174)
at org.openqa.selenium.remote.RemoteWebDriver.execute(RemoteWebDriver.java:545)
at org.openqa.selenium.remote.RemoteWebElement.execute(RemoteWebElement.java:223)
at org.openqa.selenium.remote.RemoteWebElement.click(RemoteWebElement.java:76)
at Categories.categoriesPopular(Categories.java:85)
at java.base/jdk.internal.reflect.DirectMethodHandleAccessor.invoke(DirectMethodHandleAccessor.java:103)
at java.base/java.lang.reflect.Method.invoke(Method.java:580)
at org.testng.internal.invokers.MethodInvocationHelper.invokeMethod(MethodInvocationHelper.java:141)
at org.testng.internal.invokers.TestInvoker.invokeMethod(TestInvoker.java:687)
at org.testng.internal.invokers.TestInvoker.invokeTestMethod(TestInvoker.java:230)
at org.testng.internal.invokers.MethodRunner.runInSequence(MethodRunner.java:63)
at org.testng.internal.invokers.TestInvoker$MethodInvocationAgent.invoke(TestInvoker.java:995)
at org.testng.internal.invokers.TestInvoker.invokeTestMethods(TestInvoker.java:203)
at org.testng.internal.invokers.TestMethodWorker.invokeTestMethods(TestMethodWorker.java:154)
at org.testng.internal.invokers.TestMethodWorker.run(TestMethodWorker.java:134)
at java.base/java.util.ArrayList.forEach(ArrayList.java:1597)
at org.testng.TestRunner.privateRun(TestRunner.java:741)
at org.testng.TestRunner.run(TestRunner.java:616)
at org.testng.SuiteRunner.runTest(SuiteRunner.java:421)
at org.testng.SuiteRunner.runSequentially(SuiteRunner.java:413)
at org.testng.SuiteRunner.privateRun(SuiteRunner.java:373)
at org.testng.SuiteRunner.run(SuiteRunner.java:312)
at org.testng.SuiteRunnerWorker.runSuite(SuiteRunnerWorker.java:52)
at org.testng.SuiteRunnerWorker.run(SuiteRunnerWorker.java:95)
at org.testng.TestNG.runSuitesSequentially(TestNG.java:1274)
at org.testng.TestNG.runSuitesLocally(TestNG.java:1208)
at org.testng.TestNG.runSuites(TestNG.java:1112)
at org.testng.TestNG.run(TestNG.java:1079)
at testRunner.main(testRunner.java:20)
]]>
    </failure>
  </testcase> <!-- categoriesPopular -->
  <testcase classname="NavBar" name="strategyCategory" time="4.224"/>
  <testcase classname="NavBar" name="skillCategory" time="4.899"/>
  <testcase classname="NavBar" name="logicCategory" time="4.242"/>
  <testcase classname="NavBar" name="classicCategory" time="6.974"/>
  <testcase classname="NavBar" name="triviaCategory" time="3.484"/>
  <testcase classname="NavBar" name="categoriesPage" time="3.731"/>
  <testcase classname="NavBar" name="allGamesPage" time="3.651"/>
  <testcase classname="Skills" name="HoveringOverGames" time="23.009"/>
  <testcase classname="Skills" name="NavigateToSkillsandClick" time="10.408"/>
  <testcase classname="Skills" name="VerticalandHorizontalScroll" time="22.453"/>
  <testcase classname="Logic" name="testAtoZ" time="4.74">
    <failure type="org.openqa.selenium.ElementClickInterceptedException" message="element click intercepted: Element &amp;lt;button type=&amp;quot;button&amp;quot; role=&amp;quot;tab&amp;quot; aria-selected=&amp;quot;false&amp;quot; aria-controls=&amp;quot;panel-az&amp;quot; data-state=&amp;quot;inactive&amp;quot; id=&amp;quot;tab-az&amp;quot; class=&amp;quot;whitespace-nowrap rounded-sm text-sm md:text-lg font-bold ring-offset-background transition-all focus-visible:outline-none focus-visible:ring-2 focus-visible:ring-ring focus-visible:ring-offset-2 disabled:pointer-events-none disabled:opacity-50 data-[state=active]:bg-background data-[state=active]:text-foreground data-[state=active]:shadow-sm flex flex-col gap-[0.4rem] md:gap-2 justify-center items-start relative bg-transparent p-0 min-w-fit&amp;quot; tabindex=&amp;quot;-1&amp;quot; data-orientation=&amp;quot;horizontal&amp;quot; data-radix-collection-item=&amp;quot;&amp;quot;&amp;gt;...&amp;lt;/button&amp;gt; is not clickable at point (678, 246). Other element would receive the click: &amp;lt;span class=&amp;quot;text-[15px] font-bold ml-[15px]&amp;quot;&amp;gt;...&amp;lt;/span&amp;gt;
  (Session info: chrome=135.0.7049.85)
Build info: version: &amp;apos;4.29.0&amp;apos;, revision: &amp;apos;18ae989&amp;apos;
System info: os.name: &amp;apos;Mac OS X&amp;apos;, os.arch: &amp;apos;aarch64&amp;apos;, os.version: &amp;apos;15.3.2&amp;apos;, java.version: &amp;apos;23.0.2&amp;apos;
Driver info: org.openqa.selenium.chrome.ChromeDriver
Command: [08e83c4bbf08f873ae579d2674f17f42, clickElement {id=f.2FCDA4E07BCDA13B534FA7D4F3F1C234.d.8B00AC0F407F528877694908AE9CA623.e.123}]
Capabilities {acceptInsecureCerts: false, browserName: chrome, browserVersion: 135.0.7049.85, chrome: {chromedriverVersion: 135.0.7049.84 (6c019e560019..., userDataDir: /var/folders/_k/jy17ssg501s...}, fedcm:accounts: true, goog:chromeOptions: {debuggerAddress: localhost:50317}, networkConnectionEnabled: false, pageLoadStrategy: normal, platformName: mac, proxy: Proxy(), se:cdp: ws://localhost:50317/devtoo..., se:cdpVersion: 135.0.7049.85, setWindowRect: true, strictFileInteractability: false, timeouts: {implicit: 0, pageLoad: 300000, script: 30000}, unhandledPromptBehavior: dismiss and notify, webauthn:extension:credBlob: true, webauthn:extension:largeBlob: true, webauthn:extension:minPinLength: true, webauthn:extension:prf: true, webauthn:virtualAuthenticators: true}
Element: [[ChromeDriver: chrome on mac (08e83c4bbf08f873ae579d2674f17f42)] -&amp;gt; xpath: //*[@id=&amp;quot;tab-az&amp;quot;]]
Session ID: 08e83c4bbf08f873ae579d2674f17f42">
      <![CDATA[org.openqa.selenium.ElementClickInterceptedException: element click intercepted: Element <button type="button" role="tab" aria-selected="false" aria-controls="panel-az" data-state="inactive" id="tab-az" class="whitespace-nowrap rounded-sm text-sm md:text-lg font-bold ring-offset-background transition-all focus-visible:outline-none focus-visible:ring-2 focus-visible:ring-ring focus-visible:ring-offset-2 disabled:pointer-events-none disabled:opacity-50 data-[state=active]:bg-background data-[state=active]:text-foreground data-[state=active]:shadow-sm flex flex-col gap-[0.4rem] md:gap-2 justify-center items-start relative bg-transparent p-0 min-w-fit" tabindex="-1" data-orientation="horizontal" data-radix-collection-item="">...</button> is not clickable at point (678, 246). Other element would receive the click: <span class="text-[15px] font-bold ml-[15px]">...</span>
  (Session info: chrome=135.0.7049.85)
Build info: version: '4.29.0', revision: '18ae989'
System info: os.name: 'Mac OS X', os.arch: 'aarch64', os.version: '15.3.2', java.version: '23.0.2'
Driver info: org.openqa.selenium.chrome.ChromeDriver
Command: [08e83c4bbf08f873ae579d2674f17f42, clickElement {id=f.2FCDA4E07BCDA13B534FA7D4F3F1C234.d.8B00AC0F407F528877694908AE9CA623.e.123}]
Capabilities {acceptInsecureCerts: false, browserName: chrome, browserVersion: 135.0.7049.85, chrome: {chromedriverVersion: 135.0.7049.84 (6c019e560019..., userDataDir: /var/folders/_k/jy17ssg501s...}, fedcm:accounts: true, goog:chromeOptions: {debuggerAddress: localhost:50317}, networkConnectionEnabled: false, pageLoadStrategy: normal, platformName: mac, proxy: Proxy(), se:cdp: ws://localhost:50317/devtoo..., se:cdpVersion: 135.0.7049.85, setWindowRect: true, strictFileInteractability: false, timeouts: {implicit: 0, pageLoad: 300000, script: 30000}, unhandledPromptBehavior: dismiss and notify, webauthn:extension:credBlob: true, webauthn:extension:largeBlob: true, webauthn:extension:minPinLength: true, webauthn:extension:prf: true, webauthn:virtualAuthenticators: true}
Element: [[ChromeDriver: chrome on mac (08e83c4bbf08f873ae579d2674f17f42)] -> xpath: //*[@id="tab-az"]]
Session ID: 08e83c4bbf08f873ae579d2674f17f42
at java.base/jdk.internal.reflect.DirectConstructorHandleAccessor.newInstance(DirectConstructorHandleAccessor.java:62)
at java.base/java.lang.reflect.Constructor.newInstanceWithCaller(Constructor.java:501)
at java.base/java.lang.reflect.Constructor.newInstance(Constructor.java:485)
at org.openqa.selenium.remote.ErrorCodec.decode(ErrorCodec.java:167)
at org.openqa.selenium.remote.codec.w3c.W3CHttpResponseCodec.decode(W3CHttpResponseCodec.java:138)
at org.openqa.selenium.remote.codec.w3c.W3CHttpResponseCodec.decode(W3CHttpResponseCodec.java:50)
at org.openqa.selenium.remote.HttpCommandExecutor.execute(HttpCommandExecutor.java:215)
at org.openqa.selenium.remote.service.DriverCommandExecutor.invokeExecute(DriverCommandExecutor.java:216)
at org.openqa.selenium.remote.service.DriverCommandExecutor.execute(DriverCommandExecutor.java:174)
at org.openqa.selenium.remote.RemoteWebDriver.execute(RemoteWebDriver.java:545)
at org.openqa.selenium.remote.RemoteWebElement.execute(RemoteWebElement.java:223)
at org.openqa.selenium.remote.RemoteWebElement.click(RemoteWebElement.java:76)
at Logic.testAtoZ(Logic.java:34)
at java.base/jdk.internal.reflect.DirectMethodHandleAccessor.invoke(DirectMethodHandleAccessor.java:103)
at java.base/java.lang.reflect.Method.invoke(Method.java:580)
at org.testng.internal.invokers.MethodInvocationHelper.invokeMethod(MethodInvocationHelper.java:141)
at org.testng.internal.invokers.TestInvoker.invokeMethod(TestInvoker.java:687)
at org.testng.internal.invokers.TestInvoker.invokeTestMethod(TestInvoker.java:230)
at org.testng.internal.invokers.MethodRunner.runInSequence(MethodRunner.java:63)
at org.testng.internal.invokers.TestInvoker$MethodInvocationAgent.invoke(TestInvoker.java:995)
at org.testng.internal.invokers.TestInvoker.invokeTestMethods(TestInvoker.java:203)
at org.testng.internal.invokers.TestMethodWorker.invokeTestMethods(TestMethodWorker.java:154)
at org.testng.internal.invokers.TestMethodWorker.run(TestMethodWorker.java:134)
at java.base/java.util.ArrayList.forEach(ArrayList.java:1597)
at org.testng.TestRunner.privateRun(TestRunner.java:741)
at org.testng.TestRunner.run(TestRunner.java:616)
at org.testng.SuiteRunner.runTest(SuiteRunner.java:421)
at org.testng.SuiteRunner.runSequentially(SuiteRunner.java:413)
at org.testng.SuiteRunner.privateRun(SuiteRunner.java:373)
at org.testng.SuiteRunner.run(SuiteRunner.java:312)
at org.testng.SuiteRunnerWorker.runSuite(SuiteRunnerWorker.java:52)
at org.testng.SuiteRunnerWorker.run(SuiteRunnerWorker.java:95)
at org.testng.TestNG.runSuitesSequentially(TestNG.java:1274)
at org.testng.TestNG.runSuitesLocally(TestNG.java:1208)
at org.testng.TestNG.runSuites(TestNG.java:1112)
at org.testng.TestNG.run(TestNG.java:1079)
at testRunner.main(testRunner.java:20)
]]>
    </failure>
  </testcase> <!-- testAtoZ -->
  <testcase classname="Logic" name="testPageNumbers" time="10.866"/>
  <testcase classname="Logic" name="checkRecommended" time="11.21"/>
  <testcase classname="Logic" name="verifyGameLoads" time="15.123"/>
  <testcase classname="Logic" name="loadRandomGame" time="6.432"/>
  <testcase classname="Trivia" name="navigateToHomepage" time="2.494"/>
  <testcase classname="Trivia" name="goToTriviaCategory" time="4.328"/>
  <testcase classname="Trivia" name="openNameThatCandyVol2" time="11.773"/>
  <testcase classname="Trivia" name="startCandyQuiz" time="6.09"/>
  <testcase classname="Trivia" name="selectSourPatchKids" time="5.093"/>
  <testcase classname="Atari" name="navigateToHomepage" time="2.478"/>
  <testcase classname="Atari" name="clickAllGamesTab" time="3.357"/>
  <testcase classname="Atari" name="selectAtariAsteroids" time="5.294"/>
  <testcase classname="Atari" name="clickThumbsUpIcon" time="2.368"/>
  <testcase classname="Atari" name="clickDislikeButton" time="2.306"/>
</testsuite> <!-- AllFeatureTests -->
